<?xml version="1.0" encoding="UTF-8"?>
<!-- Generated by org.testng.reporters.JUnitXMLReporter -->
<testsuite ignored="0" hostname="Eidita" failures="0" tests="3" name="Default test" time="12.235" errors="0" timestamp="2023-09-18T01:10:26 EDT">
  <testcase classname="LoginFacebook.OpenApplication" name="idLocator" time="0.2"/>
  <testcase classname="LoginFacebook.OpenApplication" name="linkText" time="2.924"/>
  <testcase classname="LoginFacebook.OpenApplication" name="partialLinkText" time="0.628"/>
</testsuite> <!-- Default test -->
