<?xml version="1.0" encoding="UTF-8"?>
<testng-results ignored="0" total="3" passed="3" failed="0" skipped="0">
  <reporter-output>
  </reporter-output>
  <suite started-at="2023-09-18T01:10:13 EDT" name="Default suite" finished-at="2023-09-18T01:10:25 EDT" duration-ms="12235">
    <groups>
    </groups>
    <test started-at="2023-09-18T01:10:13 EDT" name="Default test" finished-at="2023-09-18T01:10:25 EDT" duration-ms="12235">
      <class name="LoginFacebook.OpenApplication">
        <test-method is-config="true" signature="openBrowser()[pri:0, instance:LoginFacebook.OpenApplication@36ebc363]" started-at="2023-09-18T01:10:13 EDT" name="openBrowser" finished-at="2023-09-18T01:10:21 EDT" duration-ms="8366" status="PASS">
          <reporter-output>
          </reporter-output>
        </test-method> <!-- openBrowser -->
        <test-method signature="idLocator()[pri:0, instance:LoginFacebook.OpenApplication@36ebc363]" started-at="2023-09-18T01:10:22 EDT" name="idLocator" finished-at="2023-09-18T01:10:22 EDT" duration-ms="200" status="PASS">
          <reporter-output>
          </reporter-output>
        </test-method> <!-- idLocator -->
        <test-method signature="linkText()[pri:0, instance:LoginFacebook.OpenApplication@36ebc363]" started-at="2023-09-18T01:10:22 EDT" name="linkText" finished-at="2023-09-18T01:10:25 EDT" duration-ms="2924" status="PASS">
          <reporter-output>
          </reporter-output>
        </test-method> <!-- linkText -->
        <test-method signature="partialLinkText()[pri:0, instance:LoginFacebook.OpenApplication@36ebc363]" started-at="2023-09-18T01:10:25 EDT" name="partialLinkText" finished-at="2023-09-18T01:10:25 EDT" duration-ms="628" status="PASS">
          <reporter-output>
          </reporter-output>
        </test-method> <!-- partialLinkText -->
      </class> <!-- LoginFacebook.OpenApplication -->
    </test> <!-- Default test -->
  </suite> <!-- Default suite -->
</testng-results>
