<?xml version="1.0" encoding="UTF-8"?>
<testng-results ignored="0" total="2" passed="2" failed="0" skipped="0">
  <reporter-output>
  </reporter-output>
  <suite started-at="2023-09-19T00:49:14 EDT" name="Default suite" finished-at="2023-09-19T00:49:25 EDT" duration-ms="10333">
    <groups>
    </groups>
    <test started-at="2023-09-19T00:49:14 EDT" name="Default test" finished-at="2023-09-19T00:49:25 EDT" duration-ms="10333">
      <class name="assertion.LoginTest">
        <test-method is-config="true" signature="openApp()[pri:0, instance:assertion.LoginTest@22555ebf]" started-at="2023-09-19T00:49:14 EDT" name="openApp" finished-at="2023-09-19T00:49:24 EDT" duration-ms="9712" status="PASS">
          <reporter-output>
          </reporter-output>
        </test-method> <!-- openApp -->
        <test-method signature="assertTest()[pri:0, instance:assertion.LoginTest@22555ebf]" started-at="2023-09-19T00:49:24 EDT" name="assertTest" finished-at="2023-09-19T00:49:24 EDT" duration-ms="202" status="PASS">
          <reporter-output>
          </reporter-output>
        </test-method> <!-- assertTest -->
        <test-method signature="loginTest()[pri:0, instance:assertion.LoginTest@22555ebf]" started-at="2023-09-19T00:49:24 EDT" name="loginTest" finished-at="2023-09-19T00:49:25 EDT" duration-ms="342" status="PASS">
          <reporter-output>
          </reporter-output>
        </test-method> <!-- loginTest -->
      </class> <!-- assertion.LoginTest -->
    </test> <!-- Default test -->
  </suite> <!-- Default suite -->
</testng-results>
